<?xml version="1.0" encoding="UTF-8"?>
<!-- Generated by org.testng.reporters.JUnitReportReporter -->
<testsuite hostname="DESKTOP-41QBBKI" failures="0" tests="2" name="com.Parallel.testscript.LoginPage" time="31.497" errors="0" timestamp="2023-04-19T15:58:23 IST" skipped="0">
  <testcase classname="com.Parallel.testscript.LoginPage" name="loginPage" time="15.992"/>
  <system-out>
    <![CDATA[LoginPage]]>
  </system-out>
  <testcase classname="com.Parallel.testscript.LoginPage" name="loginPage" time="15.505"/>
  <system-out>
    <![CDATA[LoginPage]]>
  </system-out>
</testsuite> <!-- com.Parallel.testscript.LoginPage -->
